[2026-03-12 11:20:29] [INFO] [fbeab307-faaa-40ee-903c-26bd5312e429] [User: 69b14ec12d1d819232e692f0] GET /api/v1/user/profile -> 200 (82ms)
[2026-03-12 11:20:29] [INFO] [b4ad4aa3-8a5c-46f1-87c3-7f7dbd40020b] [User: 69b14ec12d1d819232e692f0] GET /api/v1/cases -> 200 (117ms)
[2026-03-12 11:20:31] [INFO] [45abe0fa-de67-4e4d-85de-f6439ce0f42c] [User: 69b14ec12d1d819232e692f0] GET /api/v1/cases/CASE_AI_JOB_RISK/intents -> 200 (226ms)
[2026-03-12 11:23:29] [INFO] [d6914d32-d187-4453-a186-177bf7def52f] [User: 69b14ec12d1d819232e692f0] GET /api/v1/cases/CASE_AI_JOB_RISK/intents -> 200 (217ms)
[2026-03-12 11:23:30] [INFO] [7884f71d-c0f6-496d-8593-4001956cc5e6] [User: 69b14ec12d1d819232e692f0] GET /api/v1/payment/status?caseId=CASE_AI_JOB_RISK&intentId=INT_STAY_12M_SAFE -> 200 (104ms)
[2026-03-12 11:23:30] [INFO] [624acec2-fd83-4ecf-8025-c6848710117b] [User: 69b14ec12d1d819232e692f0] GET /api/v1/runs/RUN_20260311_0001/questions/next -> 200 (194ms)
[2026-03-12 11:24:03] [INFO] [189bd60a-f5c2-47ab-b72e-34c0388f8b0b] [User: 69b14ec12d1d819232e692f0] GET /api/v1/user/profile -> 200 (67ms)
[2026-03-12 11:24:03] [INFO] [fc06c82a-8001-4aef-b266-f89e52aa94a7] [User: 69b14ec12d1d819232e692f0] GET /api/v1/cases -> 200 (96ms)
[2026-03-12 11:26:08] [INFO] [b7627fca-f96a-4408-a65c-471508ee2bd4] [User: 69b14ec12d1d819232e692f0] GET /api/v1/user/profile -> 200 (80ms)
[2026-03-12 11:26:09] [INFO] [66a50c2a-abe3-4ec2-bd0b-730d73742bbb] [User: 69b14ec12d1d819232e692f0] GET /api/v1/cases -> 200 (120ms)
[2026-03-12 11:27:44] [INFO] [b10aa538-5759-4f9d-ae0c-339b24ecbbc3] [User: 69b14ec12d1d819232e692f0] GET /api/v1/user/profile -> 200 (82ms)
[2026-03-12 11:27:44] [INFO] [49cde973-954e-4289-b51c-5a3338441326] [User: 69b14ec12d1d819232e692f0] GET /api/v1/cases -> 200 (113ms)
[2026-03-12 11:27:49] [INFO] [43cc8001-a1c3-4a94-bf7d-f628641f6ec8] [User: 69b14ec12d1d819232e692f0] DELETE /api/v1/user/account?hardDelete=true -> 200 (473ms)
[2026-03-12 11:55:04] [WARN] [a52bd050-5b25-40ee-8b47-425867347ef9] [User: 69b25c3ad41e58f3587df02b] GET /api/v1/user/profile -> 404 (68ms)
[2026-03-12 11:55:20] [INFO] [7e1776de-57ce-4da6-b5ce-b4a4a8f0388f] [User: 69b25c3ad41e58f3587df02b] POST /api/v1/user/upload-cv -> 200 (6579ms)
[2026-03-12 11:55:21] [INFO] [ad11ac7a-87cc-47f8-b842-300a711b9489] [User: 69b25c3ad41e58f3587df02b] GET /api/v1/user/profile -> 200 (65ms)
[2026-03-12 11:55:21] [INFO] [4f5d882c-c211-4138-93d8-2d4a61a2c574] [User: 69b25c3ad41e58f3587df02b] GET /api/v1/user/profile -> 200 (87ms)
[2026-03-12 11:56:28] [INFO] [4c3a9673-d5c5-4793-9349-3a1cf814ad58] [User: 69b25c3ad41e58f3587df02b] PUT /api/v1/user/profile -> 200 (172ms)
[2026-03-12 11:56:28] [INFO] [fc422237-48e8-47da-b31a-c94cf66ac2b5] [User: 69b25c3ad41e58f3587df02b] GET /api/v1/cases -> 200 (122ms)
[2026-03-12 11:56:32] [INFO] [efc31748-f94a-44ad-8420-a598ec477d4d] [User: 69b25c3ad41e58f3587df02b] GET /api/v1/cases/CASE_AI_JOB_RISK/intents -> 200 (249ms)
[2026-03-12 11:56:35] [INFO] [a50762c9-b1d4-46fd-a304-67468e9b7883] [User: 69b25c3ad41e58f3587df02b] GET /api/v1/payment/status?caseId=CASE_AI_JOB_RISK&intentId=INT_STAY_12M_SAFE -> 200 (175ms)
[2026-03-12 11:56:40] [INFO] [77e1c81c-81db-419c-860a-36c31adc158b] [User: 69b25c3ad41e58f3587df02b] GET /api/v1/cases/CASE_AI_JOB_RISK/intents/INT_STAY_12M_SAFE/playbook -> 200 (123ms)
[2026-03-12 11:56:57] [INFO] [7120dc48-2b70-4c94-bb89-b8960484dab5] [User: 69b25c3ad41e58f3587df02b] POST /api/v1/payment/initiate -> 200 (308ms)
[2026-03-12 11:56:57] [INFO] [86fb4b76-1c1e-4b34-a4e8-d26fd3eb1281] [User: 69b25c3ad41e58f3587df02b] POST /api/v1/payment/verify -> 200 (382ms)
[2026-03-12 11:57:05] [INFO] [af6adbfb-bb23-4c01-bb00-3a87a8ea5ecc] [User: 69b25c3ad41e58f3587df02b] POST /api/v1/runs/RUN_20260312_0001/cv/keep-existing -> 200 (122ms)
[2026-03-12 11:57:08] [INFO] [13070c13-acfb-479a-8d6d-ea25f452b1c6] [User: 69b25c3ad41e58f3587df02b] GET /api/v1/runs/RUN_20260312_0001/questions/next -> 200 (446ms)
[2026-03-12 12:06:27] [INFO] [3ce44854-cfca-4ef2-95d6-e6c9be173d5f] [User: 69b25c3ad41e58f3587df02b] GET /api/v1/user/profile -> 200 (85ms)
[2026-03-12 12:06:27] [INFO] [b47c58ce-b6ca-4545-8a0a-d791eb18f070] [User: 69b25c3ad41e58f3587df02b] GET /api/v1/cases -> 200 (123ms)
[2026-03-12 12:07:32] [INFO] [848903c1-68f2-45b8-be8e-8800116a3cf6] [User: 69b25c3ad41e58f3587df02b] GET /api/v1/cases/CASE_AI_JOB_RISK/intents -> 200 (246ms)
[2026-03-12 12:07:33] [INFO] [9844a87c-8e60-458d-a6c6-69a723e4665f] [User: 69b25c3ad41e58f3587df02b] GET /api/v1/payment/status?caseId=CASE_AI_JOB_RISK&intentId=INT_STAY_12M_SAFE -> 200 (124ms)
[2026-03-12 12:07:34] [INFO] [25c84046-221b-4ac0-b59a-eed193d4c5a1] [User: 69b25c3ad41e58f3587df02b] GET /api/v1/runs/RUN_20260312_0001/questions/next -> 200 (448ms)
[2026-03-12 12:15:29] [INFO] [c8d9104d-4767-4693-8b6c-8332a1a11942] [User: 69b25c3ad41e58f3587df02b] POST /api/v1/runs/RUN_20260312_0001/questions/answers -> 200 (213ms)
[2026-03-12 12:15:30] [INFO] [32840d75-f126-4d6e-b83c-c1361465d76c] [User: 69b25c3ad41e58f3587df02b] POST /api/v1/runs/RUN_20260312_0001/integrity/run -> 200 (528ms)
[2026-03-12 12:27:27] [INFO] [60409dc2-47b4-413c-bab4-6663cc05f590] [User: 69b25c3ad41e58f3587df02b] GET /api/v1/cases/CASE_AI_JOB_RISK/intents -> 200 (188ms)
[2026-03-12 12:27:28] [INFO] [85bae047-461d-4efd-8c1e-2e4234e36570] [User: 69b25c3ad41e58f3587df02b] GET /api/v1/payment/status?caseId=CASE_AI_JOB_RISK&intentId=INT_STAY_12M_SAFE -> 200 (94ms)
[2026-03-12 12:27:29] [INFO] [649f21fd-8d5a-4aa9-ad26-3c833c1ccdd2] [User: 69b25c3ad41e58f3587df02b] GET /api/v1/runs/RUN_20260312_0001/questions/next -> 200 (254ms)
[2026-03-12 12:45:01] [INFO] [db993ba7-3462-45be-ac08-040fd3b19967] [User: 69b25c3ad41e58f3587df02b] GET /api/v1/user/profile -> 200 (74ms)
[2026-03-12 12:45:01] [INFO] [3f7e7c00-4679-4407-a9fe-e5d3eb4fd123] [User: 69b25c3ad41e58f3587df02b] GET /api/v1/cases -> 200 (102ms)
[2026-03-12 12:45:05] [INFO] [97394bd0-23d9-4638-8eed-dc97862d83ef] [User: 69b25c3ad41e58f3587df02b] GET /api/v1/cases/CASE_AI_JOB_RISK/intents -> 200 (185ms)
[2026-03-12 12:47:24] [INFO] [2acc0859-4fb8-42f0-a322-5b5c1a45dcaf] [User: 69b25c3ad41e58f3587df02b] GET /api/v1/payment/status?caseId=CASE_AI_JOB_RISK&intentId=INT_STAY_12M_SAFE -> 200 (102ms)
[2026-03-12 12:47:24] [INFO] [bdac4db3-d4c2-4075-b516-2ebbcca4e922] [User: 69b25c3ad41e58f3587df02b] GET /api/v1/runs/RUN_20260312_0001/questions/next -> 200 (257ms)
[2026-03-12 12:47:31] [INFO] [41ac3679-cfd7-4a11-97c2-0c4d2237a3b5] [User: 69b25c3ad41e58f3587df02b] POST /api/v1/runs/RUN_20260312_0001/questions/answers -> 200 (152ms)
[2026-03-12 12:47:31] [INFO] [946c4c4b-8052-48d5-a914-93a3e066936d] [User: 69b25c3ad41e58f3587df02b] POST /api/v1/runs/RUN_20260312_0001/integrity/run -> 200 (535ms)
[2026-03-12 14:13:16] [INFO] [e6990e68-a13a-4d67-8977-7513385f416f] [User: 69b25c3ad41e58f3587df02b] GET /api/v1/user/profile -> 200 (76ms)
[2026-03-12 14:13:16] [INFO] [5a7ad0fc-cb6b-479c-bda4-311918d560ea] [User: 69b25c3ad41e58f3587df02b] GET /api/v1/cases -> 200 (99ms)
[2026-03-12 14:13:20] [INFO] [aa8ba5d7-5da9-468f-8e1d-419f7356b810] [User: 69b25c3ad41e58f3587df02b] GET /api/v1/cases/CASE_AI_JOB_RISK/intents -> 200 (196ms)
[2026-03-12 14:14:20] [INFO] [0c993668-3d3c-47c1-965e-5d09e5beb2fa] [User: 69b25c3ad41e58f3587df02b] GET /api/v1/user/profile -> 200 (68ms)
[2026-03-12 14:14:21] [INFO] [d485e14a-1d05-4628-9082-821b55908e4b] [User: 69b25c3ad41e58f3587df02b] GET /api/v1/cases -> 200 (93ms)
[2026-03-12 14:14:23] [INFO] [2c76bc6e-14f3-467b-83c1-dc7de3081ba2] [User: 69b25c3ad41e58f3587df02b] GET /api/v1/cases/CASE_AI_JOB_RISK/intents -> 200 (190ms)
[2026-03-12 15:07:00] [INFO] [03e93e0e-3724-4a92-bb12-c01071cedfe9] [User: 69b25c3ad41e58f3587df02b] GET /api/v1/payment/status?caseId=CASE_AI_JOB_RISK&intentId=INT_STAY_12M_SAFE -> 200 (90ms)
[2026-03-12 15:07:01] [INFO] [96cfed6c-dd77-4776-97bb-0019fbbb698d] [User: 69b25c3ad41e58f3587df02b] GET /api/v1/runs/RUN_20260312_0001/questions/next -> 200 (224ms)
[2026-03-12 15:38:28] [INFO] [664196ad-cf2d-4ab4-93d1-4e08e9be3f99] [User: 69b25c3ad41e58f3587df02b] POST /api/v1/runs/RUN_20260312_0001/questions/answers -> 200 (153ms)
[2026-03-12 15:38:29] [INFO] [256f23d0-5fab-4997-93ac-c7d9b8f62a27] [User: 69b25c3ad41e58f3587df02b] POST /api/v1/runs/RUN_20260312_0001/integrity/run -> 200 (557ms)
[2026-03-12 16:00:22] [INFO] [86f03db0-7fd2-4603-ae24-280bec1921ef] [User: 69b25c3ad41e58f3587df02b] GET /api/v1/user/profile -> 200 (66ms)
[2026-03-12 16:00:22] [INFO] [a7acfb73-f5ae-4eca-81a1-3c2cdeda317f] [User: 69b25c3ad41e58f3587df02b] GET /api/v1/cases -> 200 (87ms)
[2026-03-12 16:00:25] [INFO] [87e5380a-e302-4c66-a977-b9596ac5d134] [User: 69b25c3ad41e58f3587df02b] GET /api/v1/cases/CASE_AI_JOB_RISK/intents -> 200 (159ms)
[2026-03-12 16:00:27] [INFO] [0f06779b-ed10-41db-a1a2-66c6f687e0b0] [User: 69b25c3ad41e58f3587df02b] GET /api/v1/payment/status?caseId=CASE_AI_JOB_RISK&intentId=INT_STAY_12M_SAFE -> 200 (82ms)
[2026-03-12 16:00:27] [INFO] [d6158c52-7c3a-40ee-9f98-b98e9d5376d8] [User: 69b25c3ad41e58f3587df02b] GET /api/v1/runs/RUN_20260312_0001/questions/next -> 200 (172ms)
[2026-03-12 16:00:38] [INFO] [3a38e1f9-c2b2-414a-ad20-3c9a14712cca] [User: 69b25c3ad41e58f3587df02b] DELETE /api/v1/user/account?hardDelete=true -> 200 (339ms)
[2026-03-12 16:01:24] [WARN] [751af9be-fb83-4f57-bcbd-b79348d88823] [User: 69b295f6468f84c7b8469663] GET /api/v1/user/profile -> 404 (52ms)
[2026-03-12 16:01:31] [WARN] [59d32e22-6c71-4578-9314-bc7ea569ec67] [User: 69b295f6468f84c7b8469663] POST /api/v1/user/upload-cv -> 400 (38ms)
[2026-03-12 16:01:35] [WARN] [b63aa58d-16c7-4223-8e71-8df51ae6867c] [User: 69b295f6468f84c7b8469663] POST /api/v1/user/upload-cv -> 400 (32ms)
[2026-03-12 16:02:24] [INFO] [ab9e355e-a832-4d42-af8f-f52f6abbc71d] [User: 69b295f6468f84c7b8469663] POST /api/v1/user/upload-cv -> 200 (19240ms)
[2026-03-12 16:02:24] [INFO] [80bf695f-72bc-49ea-baf4-f28615914d0b] [User: 69b295f6468f84c7b8469663] GET /api/v1/user/profile -> 200 (65ms)
[2026-03-12 16:02:24] [INFO] [9e86d756-a925-4973-81b6-5d5b7e7b3705] [User: 69b295f6468f84c7b8469663] GET /api/v1/user/profile -> 200 (46ms)
[2026-03-12 16:03:39] [INFO] [bc32f5e7-9e27-4ac8-84e3-cfb94aea3d32] [User: 69b295f6468f84c7b8469663] PUT /api/v1/user/profile -> 200 (104ms)
[2026-03-12 16:03:39] [INFO] [34a49a1f-4b90-4c10-a79c-ad8989d55df5] [User: 69b295f6468f84c7b8469663] GET /api/v1/cases -> 200 (67ms)
[2026-03-12 16:03:40] [INFO] [d5d28ec6-4554-4213-8c21-aefffe69a29a] [User: 69b295f6468f84c7b8469663] GET /api/v1/cases/CASE_AI_JOB_RISK/intents -> 200 (130ms)
[2026-03-12 16:03:42] [INFO] [64c1b3e2-a98b-4683-bc1b-d80cb578ed19] [User: 69b295f6468f84c7b8469663] GET /api/v1/payment/status?caseId=CASE_AI_JOB_RISK&intentId=INT_STAY_12M_SAFE -> 200 (88ms)
[2026-03-12 16:03:47] [INFO] [f0b05171-13de-4b69-a656-6600c9c6adfd] [User: 69b295f6468f84c7b8469663] GET /api/v1/cases/CASE_AI_JOB_RISK/intents/INT_STAY_12M_SAFE/playbook -> 200 (69ms)
[2026-03-12 16:04:00] [ERROR] [cff6477b-fdc6-4617-b885-bf6c9d60801a] [User: 69b295f6468f84c7b8469663] POST /api/v1/payment/initiate -> 500 (154ms)
[2026-03-12 16:06:10] [INFO] [a2e4bbe8-3a20-4df6-976a-533441f45e00] [User: 69b295f6468f84c7b8469663] GET /api/v1/cases -> 200 (70ms)
[2026-03-12 16:06:11] [INFO] [38338371-2a3f-4602-ab92-bba39f5ac43d] [User: 69b295f6468f84c7b8469663] GET /api/v1/cases/CASE_AI_JOB_RISK/intents -> 200 (159ms)
[2026-03-12 16:06:13] [INFO] [706e5f0b-1867-4855-9179-810bb4fa04da] [User: 69b295f6468f84c7b8469663] GET /api/v1/payment/status?caseId=CASE_AI_JOB_RISK&intentId=INT_STAY_12M_SAFE -> 200 (84ms)
[2026-03-12 16:09:08] [INFO] [12cbd3c2-77dd-4f16-b76b-1a300c5b99bd] [User: 69b295f6468f84c7b8469663] GET /api/v1/user/profile -> 200 (48ms)
[2026-03-12 16:09:08] [INFO] [5b8b7142-756f-49ae-8114-e6bd9d2b54c2] [User: 69b295f6468f84c7b8469663] GET /api/v1/cases -> 200 (68ms)
[2026-03-12 16:09:10] [INFO] [4a765f45-dd1b-4677-8016-5b2e2a47b3cd] [User: 69b295f6468f84c7b8469663] GET /api/v1/cases/CASE_AI_JOB_RISK/intents -> 200 (141ms)
[2026-03-12 16:09:11] [INFO] [08f32104-be6b-4fd9-9532-89679f568cf7] [User: 69b295f6468f84c7b8469663] GET /api/v1/payment/status?caseId=CASE_AI_JOB_RISK&intentId=INT_STAY_12M_SAFE -> 200 (85ms)
[2026-03-12 16:09:17] [INFO] [a66b2be2-b784-45b0-84ea-2360871c3133] [User: 69b295f6468f84c7b8469663] GET /api/v1/cases/CASE_AI_JOB_RISK/intents/INT_STAY_12M_SAFE/playbook -> 200 (66ms)
[2026-03-12 16:09:26] [ERROR] [8c74fc51-72b4-4e53-b445-04a766a4c2c7] [User: 69b295f6468f84c7b8469663] POST /api/v1/payment/initiate -> 500 (161ms)
[2026-03-12 16:11:55] [INFO] [f896b323-cb53-4b80-8678-e01fcdd969ea] [User: 69b295f6468f84c7b8469663] GET /api/v1/cases -> 200 (111ms)
[2026-03-12 16:11:57] [INFO] [756ee5d4-0d25-45e1-9817-d66c5caf0230] [User: 69b295f6468f84c7b8469663] GET /api/v1/cases/CASE_AI_JOB_RISK/intents -> 200 (155ms)
[2026-03-12 16:11:58] [INFO] [105c4631-d9f2-41d4-b59b-7c35c61b1725] [User: 69b295f6468f84c7b8469663] GET /api/v1/payment/status?caseId=CASE_AI_JOB_RISK&intentId=INT_STAY_12M_SAFE -> 200 (99ms)
[2026-03-12 16:12:02] [INFO] [28420106-4747-45e9-946b-ddd94877de5b] [User: 69b295f6468f84c7b8469663] GET /api/v1/cases/CASE_AI_JOB_RISK/intents/INT_STAY_12M_SAFE/playbook -> 200 (81ms)
[2026-03-12 16:12:09] [INFO] [e7e17b43-fdbe-4234-9a85-736083bca7ed] [User: 69b295f6468f84c7b8469663] POST /api/v1/payment/initiate -> 200 (196ms)
[2026-03-12 16:12:10] [INFO] [101fb6b8-3e4e-4f42-ac68-3ea6a016ca18] [User: 69b295f6468f84c7b8469663] POST /api/v1/payment/verify -> 200 (248ms)
[2026-03-12 16:22:03] [INFO] [e4201114-abef-4f91-bb85-70aff3178b60] [User: 69b295f6468f84c7b8469663] POST /api/v1/runs/RUN_20260312_0003/cv/keep-existing -> 200 (83ms)
[2026-03-12 16:22:06] [INFO] [dd2868df-a909-4c16-b080-fef11dcad81b] [User: 69b295f6468f84c7b8469663] GET /api/v1/runs/RUN_20260312_0003/questions/next -> 200 (297ms)
[2026-03-12 16:27:31] [INFO] [76da25c0-e83b-47c8-8008-6fdf11cf4088] [User: 69b295f6468f84c7b8469663] POST /api/v1/runs/RUN_20260312_0003/questions/answers -> 200 (237ms)
[2026-03-12 16:27:34] [INFO] [303f6803-4825-445b-b3f5-5664e2d23c4c] [User: 69b295f6468f84c7b8469663] GET /api/v1/runs/RUN_20260312_0003/questions/next -> 200 (267ms)

[2026-03-12 16:42:56] [INFO] [1592dce3-c7e3-4e30-85b1-697b030a6ee8] [User: 69b295f6468f84c7b8469663] GET /api/v1/user/profile -> 200 (64ms)
[2026-03-12 16:42:57] [INFO] [ca5bb93f-2f9e-4f8d-85bd-2003ae1e2654] [User: 69b295f6468f84c7b8469663] GET /api/v1/cases -> 200 (93ms)
[2026-03-12 16:42:58] [INFO] [236dff9e-3431-4685-a73c-892752110645] [User: 69b295f6468f84c7b8469663] GET /api/v1/cases/CASE_AI_JOB_RISK/intents -> 200 (195ms)
[2026-03-12 16:43:00] [INFO] [48453e04-94b7-4642-9734-4f575b0ef381] [User: 69b295f6468f84c7b8469663] GET /api/v1/payment/status?caseId=CASE_AI_JOB_RISK&intentId=INT_STAY_12M_SAFE -> 200 (97ms)
[2026-03-12 16:43:00] [INFO] [990f1184-49d6-418d-a14b-a536bd237317] [User: 69b295f6468f84c7b8469663] GET /api/v1/runs/RUN_20260312_0003/questions/next -> 200 (253ms)
[2026-03-12 16:43:07] [INFO] [2cc5c87c-f5a3-4c56-afcf-d35c4d968e28] [User: 69b295f6468f84c7b8469663] POST /api/v1/runs/RUN_20260312_0003/questions/answers -> 200 (149ms)
[2026-03-12 16:54:12] [INFO] [a0c3d35d-3e09-4109-86c6-f1613f72c91d] [User: 69b295f6468f84c7b8469663] GET /api/v1/user/profile -> 200 (56ms)
[2026-03-12 16:54:12] [INFO] [7c1456b7-7e64-407e-a40a-a69916d87c05] [User: 69b295f6468f84c7b8469663] GET /api/v1/cases -> 200 (77ms)
[2026-03-12 16:54:14] [INFO] [d14e6760-ed27-42d9-ba03-415127a735dd] [User: 69b295f6468f84c7b8469663] GET /api/v1/cases/CASE_AI_JOB_RISK/intents -> 200 (407ms)
[2026-03-12 16:54:16] [INFO] [3eb7dc42-615d-4102-ade6-8a716ded19d9] [User: 69b295f6468f84c7b8469663] GET /api/v1/payment/status?caseId=CASE_AI_JOB_RISK&intentId=INT_STAY_12M_SAFE -> 200 (84ms)
[2026-03-12 16:54:17] [INFO] [bc5dc45b-6c39-4213-96e0-a10d9ec82621] [User: 69b295f6468f84c7b8469663] GET /api/v1/runs/RUN_20260312_0003/questions/next -> 200 (164ms)
[2026-03-12 16:54:30] [INFO] [db8245e8-44af-4569-a48b-2e0f69779d87] [User: 69b295f6468f84c7b8469663] GET /api/v1/cases/CASE_AI_JOB_RISK/intents -> 200 (158ms)
[2026-03-12 16:54:32] [INFO] [a309c9ba-4cdf-496a-bdae-3e0cb39d82e7] [User: 69b295f6468f84c7b8469663] GET /api/v1/payment/status?caseId=CASE_AI_JOB_RISK&intentId=INT_STAY_12M_SAFE -> 200 (81ms)
[2026-03-12 16:54:32] [INFO] [148e7ebf-3bd1-4e00-adca-00e36249077b] [User: 69b295f6468f84c7b8469663] GET /api/v1/runs/RUN_20260312_0003/questions/next -> 200 (167ms)
[2026-03-12 16:54:45] [INFO] [eac590a7-a87d-47d0-a9e2-e23c1cb739d0] [User: 69b295f6468f84c7b8469663] GET /api/v1/cases/CASE_AI_JOB_RISK/intents -> 200 (156ms)
[2026-03-12 16:54:46] [INFO] [3c80f022-476b-4344-90ca-d2d4682feae5] [User: 69b295f6468f84c7b8469663] GET /api/v1/payment/status?caseId=CASE_AI_JOB_RISK&intentId=INT_STAY_12M_SAFE -> 200 (81ms)
[2026-03-12 16:54:46] [INFO] [42f24b05-ebf6-41f7-8e9c-8d0bd16732d2] [User: 69b295f6468f84c7b8469663] GET /api/v1/runs/RUN_20260312_0003/questions/next -> 200 (159ms)
[2026-03-12 17:03:54] [INFO] [0c884be8-48e4-4e87-a533-73f69e1e1257] [User: 69b295f6468f84c7b8469663] GET /api/v1/cases/CASE_AI_JOB_RISK/intents -> 200 (166ms)
[2026-03-12 17:03:55] [INFO] [3619a7c8-8314-4c66-814f-6206cb98ad0c] [User: 69b295f6468f84c7b8469663] GET /api/v1/payment/status?caseId=CASE_AI_JOB_RISK&intentId=INT_STAY_12M_SAFE -> 200 (78ms)
[2026-03-12 17:03:55] [INFO] [f8bf219c-d9cc-4b81-8595-87ea69acd7b9] [User: 69b295f6468f84c7b8469663] GET /api/v1/runs/RUN_20260312_0003/questions/next -> 200 (158ms)
[2026-03-12 17:07:02] [INFO] [bfe0269e-ac69-460a-8668-c045b2e02bb8] [User: 69b295f6468f84c7b8469663] GET /api/v1/user/profile -> 200 (66ms)
[2026-03-12 17:07:02] [INFO] [bad9897f-0088-4a97-84e3-736bebf8331b] [User: 69b295f6468f84c7b8469663] GET /api/v1/cases -> 200 (103ms)
[2026-03-12 17:07:04] [INFO] [8a96a8f2-d636-4399-bb57-67e3af26a336] [User: 69b295f6468f84c7b8469663] GET /api/v1/cases/CASE_AI_JOB_RISK/intents -> 200 (202ms)
[2026-03-12 17:12:09] [INFO] [291a47b9-f6fc-4130-8b91-72c2b7563409] [User: 69b295f6468f84c7b8469663] GET /api/v1/payment/status?caseId=CASE_AI_JOB_RISK&intentId=INT_STAY_12M_SAFE -> 200 (109ms)
[2026-03-12 17:12:09] [INFO] [58bab475-9047-4909-b625-fea8e71c934f] [User: 69b295f6468f84c7b8469663] GET /api/v1/runs/RUN_20260312_0003/questions/next -> 200 (197ms)
[2026-03-12 17:31:07] [INFO] [c8177d36-55b9-4f88-af85-ee1879affc30] [User: 69b295f6468f84c7b8469663] GET /api/v1/user/profile -> 200 (59ms)
[2026-03-12 17:31:07] [INFO] [501199c8-63fc-45ad-9b9d-699728a9493c] [User: 69b295f6468f84c7b8469663] GET /api/v1/cases -> 200 (81ms)
[2026-03-12 17:36:10] [INFO] [5623433e-3290-41dd-9ea0-83a476fafdb1] [User: 69b295f6468f84c7b8469663] GET /api/v1/cases/CASE_AI_JOB_RISK/intents -> 200 (155ms)
[2026-03-12 17:39:56] [INFO] [6bfd4490-bbff-49f8-a436-625105ff1889] [User: 69b295f6468f84c7b8469663] GET /api/v1/payment/status?caseId=CASE_AI_JOB_RISK&intentId=INT_STAY_12M_SAFE -> 200 (93ms)
[2026-03-12 17:39:56] [INFO] [d2e86cb5-12d3-43fc-88b9-35074bcd78e6] [User: 69b295f6468f84c7b8469663] GET /api/v1/runs/RUN_20260312_0003/questions/next -> 200 (172ms)
[2026-03-12 17:40:50] [INFO] [771c04f3-d983-41b7-9158-5dae3dead6a3] [User: 69b295f6468f84c7b8469663] GET /api/v1/cases/CASE_AI_JOB_RISK/intents -> 200 (171ms)
[2026-03-12 17:40:54] [INFO] [4afed6ac-4394-45f0-a88c-52ab8ad0bf4c] [User: 69b295f6468f84c7b8469663] GET /api/v1/payment/status?caseId=CASE_AI_JOB_RISK&intentId=INT_STAY_12M_SAFE -> 200 (74ms)
[2026-03-12 17:40:54] [INFO] [3b8395e2-ea79-461a-9104-c83f1d225b07] [User: 69b295f6468f84c7b8469663] GET /api/v1/runs/RUN_20260312_0003/questions/next -> 200 (150ms)
[2026-03-12 18:03:10] [INFO] [ab13cf4a-2c7b-4042-b72d-ae42d9633011] [User: 69b295f6468f84c7b8469663] GET /api/v1/user/profile -> 200 (66ms)
[2026-03-12 18:03:11] [INFO] [08c6ce30-7ee5-43c3-b062-3361bd87ca12] [User: 69b295f6468f84c7b8469663] GET /api/v1/cases -> 200 (90ms)
[2026-03-12 18:03:14] [INFO] [7c5a4d0f-47e2-4726-bc56-f036945c4643] [User: 69b295f6468f84c7b8469663] GET /api/v1/cases/CASE_AI_JOB_RISK/intents -> 200 (200ms)
[2026-03-12 18:03:16] [INFO] [db439732-707d-4615-830a-2fe5d2819dc0] [User: 69b295f6468f84c7b8469663] GET /api/v1/payment/status?caseId=CASE_AI_JOB_RISK&intentId=INT_STAY_12M_SAFE -> 200 (93ms)
[2026-03-12 18:03:16] [INFO] [b6e43269-efc8-4e30-9341-3ae76802a8e6] [User: 69b295f6468f84c7b8469663] GET /api/v1/runs/RUN_20260312_0003/questions/next -> 200 (183ms)
[2026-03-12 18:03:21] [INFO] [484bcfa2-27a7-4901-88f0-e47449aba93c] [User: 69b295f6468f84c7b8469663] GET /api/v1/cases/CASE_AI_JOB_RISK/intents -> 200 (174ms)
[2026-03-12 18:03:23] [INFO] [8ab58f88-ffe1-421b-91a2-46471d048845] [User: 69b295f6468f84c7b8469663] GET /api/v1/payment/status?caseId=CASE_AI_JOB_RISK&intentId=INT_STAY_12M_SAFE -> 200 (86ms)
[2026-03-12 18:03:23] [INFO] [b630ab3f-2e6d-4d7a-98d3-372e6efa4d6e] [User: 69b295f6468f84c7b8469663] GET /api/v1/runs/RUN_20260312_0003/questions/next -> 200 (175ms)
[2026-03-12 18:07:06] [INFO] [07f75f00-c574-40b8-a311-99cb24d85f81] [User: 69b295f6468f84c7b8469663] GET /api/v1/cases/CASE_AI_JOB_RISK/intents -> 200 (183ms)
[2026-03-12 18:10:11] [INFO] [53f88b74-c839-4db1-824a-c08c2a1decb4] [User: 69b295f6468f84c7b8469663] GET /api/v1/payment/status?caseId=CASE_AI_JOB_RISK&intentId=INT_STAY_12M_SAFE -> 200 (87ms)
[2026-03-12 18:10:11] [INFO] [9fd5bbfa-b162-483a-82ae-ccf32d947263] [User: 69b295f6468f84c7b8469663] GET /api/v1/runs/RUN_20260312_0003/questions/next -> 200 (174ms)
[2026-03-12 18:10:16] [INFO] [61b0c390-c198-4cbc-93ee-f96ff781f53e] [User: 69b295f6468f84c7b8469663] GET /api/v1/cases/CASE_AI_JOB_RISK/intents -> 200 (193ms)
[2026-03-12 18:10:17] [INFO] [f1033e11-7880-4bca-b410-e84183abb3f0] [User: 69b295f6468f84c7b8469663] GET /api/v1/payment/status?caseId=CASE_AI_JOB_RISK&intentId=INT_STAY_12M_SAFE -> 200 (88ms)
[2026-03-12 18:10:17] [INFO] [dc08e7e2-0695-4bbe-a39e-31f1895c4b97] [User: 69b295f6468f84c7b8469663] GET /api/v1/runs/RUN_20260312_0003/questions/next -> 200 (174ms)
