[2026-03-12 11:11:32] [INFO] [55516161-0267-4658-aa99-6b77b83619d7] [User: 69b249818a76fd18613cc8f2] GET /api/v1/user/profile -> 200 (77ms)
[2026-03-12 12:17:29] [INFO] [7478a16e-a894-488b-b4b6-79b1356413cc] [User: 69b249818a76fd18613cc8f2] GET /api/v1/cases?page=1&limit=10&sortBy=createdAt&sortOrder=asc -> 200 (93ms)
[2026-03-12 12:17:36] [INFO] [ae3bfe16-f2a8-4f52-b69f-112647059ee1] [User: 69b249818a76fd18613cc8f2] GET /api/v1/cases/CASE_AI_JOB_RISK/intents?page=1&limit=10 -> 304 (180ms)
[2026-03-12 12:17:41] [INFO] [a19ceac8-ef40-4313-8627-896c1ef1d6ed] [User: 69b249818a76fd18613cc8f2] GET /api/v1/cases/CASE_AI_JOB_RISK/intents/INT_STAY_12M_SAFE/playbook -> 200 (92ms)
[2026-03-12 12:17:52] [INFO] [fbdf53cf-43e0-4258-9928-870924fe3443] [User: 69b249818a76fd18613cc8f2] GET /api/v1/payment/product?caseId=CASE_AI_JOB_RISK -> 304 (64ms)
[2026-03-12 12:18:18] [INFO] [2e41d2b9-0679-489d-a12e-39d3aeb71b67] [User: 69b249818a76fd18613cc8f2] POST /api/v1/payment/initiate -> 200 (221ms)
[2026-03-12 12:18:35] [INFO] [b0ad6b9a-0206-48e6-8a57-4321a69a8582] [User: 69b249818a76fd18613cc8f2] POST /api/v1/payment/verify -> 200 (272ms)
[2026-03-12 12:19:05] [INFO] [df568233-d22c-49be-a653-4628a45796e9] [User: 69b249818a76fd18613cc8f2] POST /api/v1/runs/RUN_20260312_0002/cv/keep-existing -> 200 (88ms)
[2026-03-12 12:19:21] [INFO] [ce5d143d-20cb-4366-bed6-a0ece507eb9f] [User: 69b249818a76fd18613cc8f2] GET /api/v1/runs/RUN_20260312_0002/questions/next -> 200 (331ms)
[2026-03-12 12:27:12] [INFO] [201cac03-9694-4b6a-a562-9f0f49de0c83] [User: 69b249818a76fd18613cc8f2] GET /api/v1/runs/RUN_20260312_0002/questions/next -> 304 (339ms)
[2026-03-12 12:29:27] [INFO] [9deaa302-1e89-4635-bc3a-c640984d92d9] [User: 69b249818a76fd18613cc8f2] DELETE /api/v1/user/account -> 200 (154ms)
[2026-03-12 12:32:29] [INFO] [ff699615-78a8-4dcd-9331-7505d817735b] [User: 69b249818a76fd18613cc8f2] DELETE /api/v1/user/account?hardDelete=true -> 200 (519ms)
[2026-03-12 12:35:03] [WARN] [7c607c38-b919-494d-b1ce-bf24216b80a6] [User: 69b2654bc21b8dbdaa86fd13] POST /api/v1/user/upload-cv -> 400 (6076ms)
[2026-03-12 12:35:44] [INFO] [064b4850-09a9-441f-917c-f260becd7b87] [User: 69b2654bc21b8dbdaa86fd13] POST /api/v1/user/upload-cv -> 200 (27032ms)
[2026-03-12 14:24:26] [INFO] [431d53f2-1f03-4f99-9315-358ca9e94ea5] [User: 69b2654bc21b8dbdaa86fd13] DELETE /api/v1/user/account?hardDelete=true -> 200 (359ms)
[2026-03-12 14:28:12] [INFO] [6da2f979-4dcb-4cfe-9126-b884b59377ba] [User: 69b27fda8944e48221c600ef] POST /api/v1/user/upload-cv -> 200 (12816ms)
[2026-03-12 14:28:33] [INFO] [856cb729-00a9-4f45-be8b-ed366ece0ef1] [User: 69b27fda8944e48221c600ef] GET /api/v1/user/profile -> 200 (65ms)
[2026-03-12 14:28:45] [INFO] [3478e935-81e7-42f6-86ae-81eea13db54a] [User: 69b27fda8944e48221c600ef] PUT /api/v1/user/profile -> 200 (142ms)
[2026-03-12 14:29:03] [INFO] [4bbd16b4-a6bd-490c-90ea-9b19fc826189] [User: 69b27fda8944e48221c600ef] GET /api/v1/cases?page=1&limit=10&sortBy=createdAt&sortOrder=asc -> 200 (103ms)
[2026-03-12 14:29:08] [INFO] [c67eb265-4879-4d06-81b0-28cbc76b33ed] [User: 69b27fda8944e48221c600ef] GET /api/v1/cases/CASE_AI_JOB_RISK/intents?page=1&limit=10 -> 304 (182ms)
[2026-03-12 14:29:13] [INFO] [4203a9b3-01fc-4bc9-a367-8adc3e3640de] [User: 69b27fda8944e48221c600ef] GET /api/v1/cases/CASE_AI_JOB_RISK/intents/INT_STAY_12M_SAFE/playbook -> 304 (94ms)
[2026-03-12 14:29:22] [INFO] [9b1dfa19-7b7f-4e1e-a59c-7519d8aeea0b] [User: 69b27fda8944e48221c600ef] GET /api/v1/payment/product?caseId=CASE_AI_JOB_RISK -> 304 (60ms)
[2026-03-12 14:29:38] [INFO] [1caee000-dfd2-43fe-b436-ba2f90e6d4dd] [User: 69b27fda8944e48221c600ef] POST /api/v1/payment/initiate -> 200 (340ms)
[2026-03-12 14:30:04] [INFO] [fbf39052-89e9-4c4d-9ba8-8896862e360a] [User: 69b27fda8944e48221c600ef] POST /api/v1/payment/verify -> 200 (847ms)
[2026-03-12 14:30:21] [INFO] [af9d4f1b-af06-4f25-a441-915245817dc5] [User: 69b27fda8944e48221c600ef] POST /api/v1/runs/RUN_20260312_0002/cv/keep-existing -> 200 (115ms)
[2026-03-12 14:30:33] [INFO] [7042b335-57c1-4001-b8e8-21a529b92ac6] [User: 69b27fda8944e48221c600ef] GET /api/v1/runs/RUN_20260312_0002/questions/next -> 200 (349ms)
[2026-03-12 14:38:41] [INFO] [96905fa0-23e8-4314-b36f-188c7635e173] [User: 69b27fda8944e48221c600ef] GET /api/v1/runs/RUN_20260312_0002/questions/next -> 200 (366ms)
[2026-03-12 14:39:04] [INFO] [7992a845-a216-48bf-8f1e-eec8ec2e5dc3] [User: 69b27fda8944e48221c600ef] POST /api/v1/runs/RUN_20260312_0002/questions/answers -> 200 (288ms)
[2026-03-12 14:39:17] [INFO] [8a67035d-4d0b-4553-9d44-cc5080009d1e] [User: 69b27fda8944e48221c600ef] GET /api/v1/runs/RUN_20260312_0002/questions/next -> 200 (305ms)
[2026-03-12 14:39:30] [INFO] [dab05eab-74c4-4f08-b75c-2dfd1849a3b5] [User: 69b27fda8944e48221c600ef] POST /api/v1/runs/RUN_20260312_0002/questions/answers -> 200 (190ms)
[2026-03-12 14:39:37] [INFO] [e99410b3-8a11-4a9a-8335-3bdce5fb0769] [User: 69b27fda8944e48221c600ef] GET /api/v1/runs/RUN_20260312_0002/questions/next -> 200 (220ms)
[2026-03-12 14:39:57] [INFO] [09f53393-c6d7-4799-a9ab-dee520100931] [User: 69b27fda8944e48221c600ef] GET /api/v1/runs/RUN_20260312_0002/questions/status -> 200 (188ms)
[2026-03-12 14:40:10] [INFO] [844d861b-39b0-48a5-a71e-60e79350c7b6] [User: 69b27fda8944e48221c600ef] POST /api/v1/runs/RUN_20260312_0002/integrity/run -> 200 (751ms)
[2026-03-12 14:41:00] [ERROR] [a3f44ca6-e907-4ce8-be30-a29268967c24] [User: 69b27fda8944e48221c600ef] POST /api/v1/runs/RUN_20260312_0002/report/generate -> 500 (6652ms)
[2026-03-12 14:44:24] [INFO] [e7ef566f-773c-4db6-9e6d-491cf6cef02c] [User: 69b27fda8944e48221c600ef] POST /api/v1/runs/RUN_20260312_0002/report/generate -> 200 (4231ms)
[2026-03-12 14:48:17] [INFO] [5f9ff5c3-5bc5-46e5-bb9e-31a24f49cc53] [User: 69b27fda8944e48221c600ef] POST /api/v1/runs/RUN_20260312_0002/report/generate -> 200 (5024ms)
[2026-03-12 14:59:54] [INFO] [13364b6b-3247-481e-87b9-fc293b67103b] [User: 69b27fda8944e48221c600ef] POST /api/v1/runs/RUN_20260312_0002/report/generate -> 200 (12171ms)
[2026-03-12 15:01:33] [INFO] [85de8b30-60fd-499d-a851-bbfd7fd73a25] [User: 69b27fda8944e48221c600ef] POST /api/v1/runs/RUN_20260312_0002/report/generate -> 200 (13886ms)
[2026-03-12 15:03:53] [INFO] [eba45e03-fbd9-4a26-b4e9-1beeebd637b6] [User: 69b27fda8944e48221c600ef] POST /api/v1/runs/RUN_20260312_0002/report/generate -> 200 (10500ms)
[2026-03-12 15:05:20] [INFO] [f0b2b5e2-03d9-4f17-9256-035441de9409] [User: 69b27fda8944e48221c600ef] POST /api/v1/runs/RUN_20260312_0002/report/generate -> 200 (14409ms)
[2026-03-12 15:13:25] [INFO] [a694591a-066c-42dd-a22d-2b733eb5ffa7] [User: 69b27fda8944e48221c600ef] POST /api/v1/runs/RUN_20260312_0002/report/generate -> 200 (3444ms)
[2026-03-12 15:28:47] [INFO] [41bee085-3e80-4f33-94a0-83715326723f] [User: 69b27fda8944e48221c600ef] POST /api/v1/runs/RUN_20260312_0002/expert/assign -> 200 (272ms)
[2026-03-12 15:29:06] [INFO] [ff1b673b-e327-440e-ace3-a963414453dc] [User: 69b27fda8944e48221c600ef] POST /api/v1/runs/RUN_20260312_0002/report/generate -> 200 (4557ms)
[2026-03-12 15:38:19] [INFO] [ebddc009-5b0c-41b4-990d-8287bbf9e355] [User: 69b27fda8944e48221c600ef] POST /api/v1/runs/RUN_20260312_0002/report/generate -> 200 (5459ms)
[2026-03-12 15:38:40] [INFO] [cb44fda8-22c1-46d2-be0e-579283890948] [User: 69b27fda8944e48221c600ef] POST /api/v1/runs/RUN_20260312_0002/expert/assign -> 200 (231ms)
[2026-03-12 15:46:28] [WARN] [c4e3dc56-3bcb-48f2-a5c5-c68ac327ef35] [User: 69b27fda8944e48221c600ef] GET /api/v1/users/69b27fda8944e48221c600ef/records?page=1&limit=10 -> 404 (71ms)
[2026-03-12 15:46:46] [WARN] [ed7443fa-4091-4de4-80ad-b913d25f0bdb] [User: 69b27fda8944e48221c600ef] GET /api/v1/users/69b27fda8944e48221c600ef/records?page=1&limit=10 -> 404 (64ms)
[2026-03-12 15:47:16] [INFO] [a17199e8-6836-47f6-b6a1-445949a467da] [User: 69b27fda8944e48221c600ef] GET /api/v1/users/69b27fda8944e48221c600ef/records?page=1&limit=10 -> 200 (161ms)
[2026-03-12 15:48:09] [INFO] [2c0bae20-59ac-4d5d-a7ce-8a5c68315d00] [User: 69b27fda8944e48221c600ef] GET /api/v1/users/69b27fda8944e48221c600ef/records/RUN_20260312_0002 -> 200 (114ms)
