[2026-03-23 15:49:17] [INFO] [0b20e13e-4189-40ca-a241-25efbe484586] [User: 69bd47fd6056162b864d7ba7] GET /api/v1/user/profile -> 200 (69ms)
[2026-03-23 15:49:17] [INFO] [d286e7c3-61dd-4e10-a4a6-01b5eaab4f66] [User: 69bd47fd6056162b864d7ba7] GET /api/v1/command-center/69bd47fd6056162b864d7ba7/credits -> 200 (56ms)
[2026-03-23 15:49:17] [INFO] [22ec2b93-5e9f-43f3-b75c-f73f332fb061] [User: 69bd47fd6056162b864d7ba7] GET /api/v1/command-center/69bd47fd6056162b864d7ba7/credits -> 200 (60ms)
[2026-03-23 15:49:18] [INFO] [b50ed60c-41a4-4a84-9ba1-2a092c5cec9c] [User: 69bd47fd6056162b864d7ba7] GET /api/v1/command-center/69bd47fd6056162b864d7ba7/command-center -> 200 (248ms)
[2026-03-23 15:49:18] [INFO] [ca338b87-4fce-4de0-a6dc-07219f9a53c9] [User: 69bd47fd6056162b864d7ba7] GET /api/v1/command-center/69bd47fd6056162b864d7ba7/command-center -> 200 (225ms)
[2026-03-23 15:49:23] [INFO] [c2691f31-b1e2-4330-b7db-87784446bdc6] [User: 69bd47fd6056162b864d7ba7] GET /api/v1/cases -> 200 (80ms)
[2026-03-23 15:49:25] [INFO] [dd7d50da-9e08-4cf0-9d33-7d4f49086bf3] [User: 69bd47fd6056162b864d7ba7] GET /api/v1/cases/CASE_AI_JOB_RISK/intents -> 200 (161ms)
[2026-03-23 15:49:30] [INFO] [22f969c2-d02d-480b-b62e-98810d4d4b17] [User: 69bd47fd6056162b864d7ba7] GET /api/v1/payment/status?caseId=CASE_AI_JOB_RISK&intentId=INT_STAY_12M_SAFE&objective=hh -> 200 (83ms)
[2026-03-23 15:49:33] [INFO] [dc9c98ea-5e0a-4c42-ac4e-ec12ee367267] [User: 69bd47fd6056162b864d7ba7] POST /api/v1/runs/RUN_20260320_0005/expert/assign -> 200 (3037ms)
[2026-03-23 15:49:34] [INFO] [804292de-3e76-4858-bb3d-bde1eaa828ae] [User: 69bd47fd6056162b864d7ba7] GET /api/v1/users/69bd47fd6056162b864d7ba7/records -> 200 (155ms)
[2026-03-23 15:49:52] [INFO] [9c222e5a-b6cf-4e97-837f-0bcd66ee32a1] [User: 69bd47fd6056162b864d7ba7] GET /api/v1/user/profile -> 200 (59ms)
[2026-03-23 15:49:53] [INFO] [cea23275-7a6d-4e84-a7c1-cf217598ff42] [User: 69bd47fd6056162b864d7ba7] GET /api/v1/command-center/69bd47fd6056162b864d7ba7/credits -> 200 (52ms)
[2026-03-23 15:49:53] [INFO] [6902c22e-0827-4906-870e-f823054a56d6] [User: 69bd47fd6056162b864d7ba7] GET /api/v1/command-center/69bd47fd6056162b864d7ba7/credits -> 200 (55ms)
[2026-03-23 15:49:53] [INFO] [bc6d3d8b-e0ea-4248-880b-d3809a5285f5] [User: 69bd47fd6056162b864d7ba7] GET /api/v1/command-center/69bd47fd6056162b864d7ba7/command-center -> 200 (231ms)
[2026-03-23 15:49:53] [INFO] [2edfdfe1-403a-4102-961c-faa73836f72d] [User: 69bd47fd6056162b864d7ba7] GET /api/v1/command-center/69bd47fd6056162b864d7ba7/command-center -> 200 (241ms)
[2026-03-23 15:56:39] [INFO] [4ca33e36-7406-4657-ae5f-a13e951d32bc] [User: 69bd47fd6056162b864d7ba7] GET /api/v1/user/profile -> 200 (60ms)
[2026-03-23 15:56:39] [INFO] [f2c6375a-6ee9-4a44-befc-74c69ce837d5] [User: 69bd47fd6056162b864d7ba7] GET /api/v1/command-center/69bd47fd6056162b864d7ba7/credits -> 200 (55ms)
[2026-03-23 15:56:39] [INFO] [e04c7da7-e16d-4165-8f9a-564ce7e8deb0] [User: 69bd47fd6056162b864d7ba7] GET /api/v1/command-center/69bd47fd6056162b864d7ba7/credits -> 200 (63ms)
[2026-03-23 15:56:39] [INFO] [8afaf254-3e92-4dd3-9da3-d5185083f2eb] [User: 69bd47fd6056162b864d7ba7] GET /api/v1/command-center/69bd47fd6056162b864d7ba7/command-center -> 200 (241ms)
[2026-03-23 15:56:39] [INFO] [e92cb189-dccf-43dd-96c6-f78384ea77ac] [User: 69bd47fd6056162b864d7ba7] GET /api/v1/command-center/69bd47fd6056162b864d7ba7/command-center -> 200 (208ms)
[2026-03-23 15:56:46] [INFO] [283dfcc8-bea2-4366-b569-a95c68fd62af] [User: 69bd47fd6056162b864d7ba7] DELETE /api/v1/user/account -> 200 (124ms)
